<?xml version="1.0" encoding="UTF-8"?>
<!-- Generated by org.testng.reporters.JUnitXMLReporter -->
<testsuite hostname="nbec-prosenjit" name="Default test" tests="9" failures="0" timestamp="31 May 2016 14:20:21 GMT" time="39.954" errors="0">
  <testcase name="openPage" time="5.97" classname="com.test.TestCase1"/>
  <testcase name="verifyTitle" time="0.014" classname="com.test.TestCase1"/>
  <testcase name="clickOnMobileMenu" time="3.636" classname="com.test.TestCase1"/>
  <testcase name="mobilePageTitle" time="0.015" classname="com.test.TestCase1"/>
  <testcase name="productsSortByName" time="0.062" classname="com.test.TestCase1"/>
  <testcase name="verifyXperiaPrice" time="3.837" classname="com.test.TestCase1"/>
  <testcase name="verifyQtyUpdateErrMsg" time="6.194" classname="com.test.TestCase1"/>
  <testcase name="verifyEmptyCartMsg" time="1.728" classname="com.test.TestCase1"/>
  <testcase name="compareMobiles" time="7.808" classname="com.test.TestCase1"/>
</testsuite> <!-- Default test -->
