<?xml version="1.0" encoding="UTF-8"?>
<!-- Generated by org.testng.reporters.JUnitXMLReporter -->
<testsuite hostname="Murshi-PC" name="Testing On chrome" tests="8" failures="0" timestamp="11 Feb 2019 15:00:54 GMT" time="44.041" errors="0">
  <testcase name="verifyTitle" time="0.04" classname="com.test.TestCase1"/>
  <testcase name="clickOnMobileMenu" time="1.926" classname="com.test.TestCase1"/>
  <testcase name="mobilePageTitle" time="0.031" classname="com.test.TestCase1"/>
  <testcase name="productsSortByName" time="1.061" classname="com.test.TestCase1"/>
  <testcase name="verifyXperiaPrice" time="2.935" classname="com.test.TestCase1"/>
  <testcase name="verifyQtyUpdateErrMsg" time="3.864" classname="com.test.TestCase1"/>
  <testcase name="verifyEmptyCartMsg" time="1.012" classname="com.test.TestCase1"/>
  <testcase name="compareMobiles" time="4.286" classname="com.test.TestCase1"/>
</testsuite> <!-- Testing On chrome -->
